This is pdfTeX, Version 3.14159265-2.6-1.40.20 (TeX Live 2019/Debian) (preloaded format=pdflatex 2022.4.12)  27 APR 2022 07:23
entering extended mode
 restricted \write18 enabled.
 file:line:error style messages enabled.
 %&-line parsing enabled.
**"/home/ncuong/Programming/algorithms/Notes/MIT 6.001 Structure and Interpretation of Computer Programs/main.tex"
(/home/ncuong/Programming/algorithms/Notes/MIT 6.001 Structure and Interpretation of Computer Programs/main.tex
LaTeX2e <2020-02-02> patch level 2
L3 programming layer <2020-02-14> (/usr/share/texlive/texmf-dist/tex/latex/base/article.cls
Document Class: article 2019/12/20 v1.4l Standard LaTeX document class
(/usr/share/texlive/texmf-dist/tex/latex/base/size10.clo
File: size10.clo 2019/12/20 v1.4l Standard LaTeX file (size option)
)
\c@part=\count167
\c@section=\count168
\c@subsection=\count169
\c@subsubsection=\count170
\c@paragraph=\count171
\c@subparagraph=\count172
\c@figure=\count173
\c@table=\count174
\abovecaptionskip=\skip47
\belowcaptionskip=\skip48
\bibindent=\dimen134
) (/usr/share/texlive/texmf-dist/tex/latex/amsfonts/amssymb.sty
Package: amssymb 2013/01/14 v3.01 AMS font symbols
 (/usr/share/texlive/texmf-dist/tex/latex/amsfonts/amsfonts.sty
Package: amsfonts 2013/01/14 v3.01 Basic AMSFonts support
\@emptytoks=\toks14
\symAMSa=\mathgroup4
\symAMSb=\mathgroup5
LaTeX Font Info:    Redeclaring math symbol \hbar on input line 98.
LaTeX Font Info:    Overwriting math alphabet `\mathfrak' in version `bold'
(Font)                  U/euf/m/n --> U/euf/b/n on input line 106.
)) (/usr/share/texlive/texmf-dist/tex/latex/amscls/amsthm.sty
Package: amsthm 2017/10/31 v2.20.4
\thm@style=\toks15
\thm@bodyfont=\toks16
\thm@headfont=\toks17
\thm@notefont=\toks18
\thm@headpunct=\toks19
\thm@preskip=\skip49
\thm@postskip=\skip50
\thm@headsep=\skip51
\dth@everypar=\toks20
) (/usr/share/texlive/texmf-dist/tex/latex/amsmath/amsmath.sty
Package: amsmath 2020/01/20 v2.17e AMS math features
\@mathmargin=\skip52

For additional information on amsmath, use the `?' option.
(/usr/share/texlive/texmf-dist/tex/latex/amsmath/amstext.sty
Package: amstext 2000/06/29 v2.01 AMS text
 (/usr/share/texlive/texmf-dist/tex/latex/amsmath/amsgen.sty
File: amsgen.sty 1999/11/30 v2.0 generic functions
\@emptytoks=\toks21
\ex@=\dimen135
)) (/usr/share/texlive/texmf-dist/tex/latex/amsmath/amsbsy.sty
Package: amsbsy 1999/11/29 v1.2d Bold Symbols
\pmbraise@=\dimen136
) (/usr/share/texlive/texmf-dist/tex/latex/amsmath/amsopn.sty
Package: amsopn 2016/03/08 v2.02 operator names
)
\inf@bad=\count175
LaTeX Info: Redefining \frac on input line 227.
\uproot@=\count176
\leftroot@=\count177
LaTeX Info: Redefining \overline on input line 389.
\classnum@=\count178
\DOTSCASE@=\count179
LaTeX Info: Redefining \ldots on input line 486.
LaTeX Info: Redefining \dots on input line 489.
LaTeX Info: Redefining \cdots on input line 610.
\Mathstrutbox@=\box45
\strutbox@=\box46
\big@size=\dimen137
LaTeX Font Info:    Redeclaring font encoding OML on input line 733.
LaTeX Font Info:    Redeclaring font encoding OMS on input line 734.
\macc@depth=\count180
\c@MaxMatrixCols=\count181
\dotsspace@=\muskip16
\c@parentequation=\count182
\dspbrk@lvl=\count183
\tag@help=\toks22
\row@=\count184
\column@=\count185
\maxfields@=\count186
\andhelp@=\toks23
\eqnshift@=\dimen138
\alignsep@=\dimen139
\tagshift@=\dimen140
\tagwidth@=\dimen141
\totwidth@=\dimen142
\lineht@=\dimen143
\@envbody=\toks24
\multlinegap=\skip53
\multlinetaggap=\skip54
\mathdisplay@stack=\toks25
LaTeX Info: Redefining \[ on input line 2859.
LaTeX Info: Redefining \] on input line 2860.
) (/usr/share/texlive/texmf-dist/tex/latex/mathtools/mathtools.sty
Package: mathtools 2020/01/17 v1.23 mathematical typesetting tools
 (/usr/share/texlive/texmf-dist/tex/latex/graphics/keyval.sty
Package: keyval 2014/10/28 v1.15 key=value parser (DPC)
\KV@toks@=\toks26
) (/usr/share/texlive/texmf-dist/tex/latex/tools/calc.sty
Package: calc 2017/05/25 v4.3 Infix arithmetic (KKT,FJ)
\calc@Acount=\count187
\calc@Bcount=\count188
\calc@Adimen=\dimen144
\calc@Bdimen=\dimen145
\calc@Askip=\skip55
\calc@Bskip=\skip56
LaTeX Info: Redefining \setlength on input line 80.
LaTeX Info: Redefining \addtolength on input line 81.
\calc@Ccount=\count189
\calc@Cskip=\skip57
) (/usr/share/texlive/texmf-dist/tex/latex/mathtools/mhsetup.sty
Package: mhsetup 2017/03/31 v1.3 programming setup (MH)
)
LaTeX Info: Thecontrolsequence`\('isalreadyrobust on input line 129.
LaTeX Info: Thecontrolsequence`\)'isalreadyrobust on input line 129.
LaTeX Info: Thecontrolsequence`\['isalreadyrobust on input line 129.
LaTeX Info: Thecontrolsequence`\]'isalreadyrobust on input line 129.
\g_MT_multlinerow_int=\count190
\l_MT_multwidth_dim=\dimen146
\origjot=\skip58
\l_MT_shortvdotswithinadjustabove_dim=\dimen147
\l_MT_shortvdotswithinadjustbelow_dim=\dimen148
\l_MT_above_intertext_sep=\dimen149
\l_MT_below_intertext_sep=\dimen150
\l_MT_above_shortintertext_sep=\dimen151
\l_MT_below_shortintertext_sep=\dimen152
) (/usr/share/texlive/texmf-dist/tex/latex/tools/enumerate.sty
Package: enumerate 2015/07/23 v3.00 enumerate extensions (DPC)
\@enLab=\toks27
) (/usr/share/texlive/texmf-dist/tex/latex/hyperref/hyperref.sty
Package: hyperref 2020/01/14 v7.00d Hypertext links for LaTeX
 (/usr/share/texlive/texmf-dist/tex/generic/ltxcmds/ltxcmds.sty
Package: ltxcmds 2019/12/15 v1.24 LaTeX kernel commands for general use (HO)
) (/usr/share/texlive/texmf-dist/tex/generic/iftex/iftex.sty
Package: iftex 2019/11/07 v1.0c TeX engine tests
) (/usr/share/texlive/texmf-dist/tex/latex/pdftexcmds/pdftexcmds.sty
Package: pdftexcmds 2019/11/24 v0.31 Utility functions of pdfTeX for LuaTeX (HO)
 (/usr/share/texlive/texmf-dist/tex/generic/infwarerr/infwarerr.sty
Package: infwarerr 2019/12/03 v1.5 Providing info/warning/error messages (HO)
)
Package pdftexcmds Info: \pdf@primitive is available.
Package pdftexcmds Info: \pdf@ifprimitive is available.
Package pdftexcmds Info: \pdfdraftmode found.
) (/usr/share/texlive/texmf-dist/tex/generic/kvsetkeys/kvsetkeys.sty
Package: kvsetkeys 2019/12/15 v1.18 Key value parser (HO)
) (/usr/share/texlive/texmf-dist/tex/generic/kvdefinekeys/kvdefinekeys.sty
Package: kvdefinekeys 2019-12-19 v1.6 Define keys (HO)
) (/usr/share/texlive/texmf-dist/tex/generic/pdfescape/pdfescape.sty
Package: pdfescape 2019/12/09 v1.15 Implements pdfTeX's escape features (HO)
) (/usr/share/texlive/texmf-dist/tex/latex/hycolor/hycolor.sty
Package: hycolor 2020-01-27 v1.10 Color options for hyperref/bookmark (HO)
) (/usr/share/texlive/texmf-dist/tex/latex/letltxmacro/letltxmacro.sty
Package: letltxmacro 2019/12/03 v1.6 Let assignment for LaTeX macros (HO)
) (/usr/share/texlive/texmf-dist/tex/latex/auxhook/auxhook.sty
Package: auxhook 2019-12-17 v1.6 Hooks for auxiliary files (HO)
) (/usr/share/texlive/texmf-dist/tex/latex/kvoptions/kvoptions.sty
Package: kvoptions 2019/11/29 v3.13 Key value format for package options (HO)
)
\@linkdim=\dimen153
\Hy@linkcounter=\count191
\Hy@pagecounter=\count192
 (/usr/share/texlive/texmf-dist/tex/latex/hyperref/pd1enc.def
File: pd1enc.def 2020/01/14 v7.00d Hyperref: PDFDocEncoding definition (HO)
Now handling font encoding PD1 ...
... no UTF-8 mapping file for font encoding PD1
) (/usr/share/texlive/texmf-dist/tex/generic/intcalc/intcalc.sty
Package: intcalc 2019/12/15 v1.3 Expandable calculations with integers (HO)
) (/usr/share/texlive/texmf-dist/tex/generic/etexcmds/etexcmds.sty
Package: etexcmds 2019/12/15 v1.7 Avoid name clashes with e-TeX commands (HO)
)
\Hy@SavedSpaceFactor=\count193
\pdfmajorversion=\count194
Package hyperref Info: Hyper figures OFF on input line 4547.
Package hyperref Info: Link nesting OFF on input line 4552.
Package hyperref Info: Hyper index ON on input line 4555.
Package hyperref Info: Plain pages OFF on input line 4562.
Package hyperref Info: Backreferencing OFF on input line 4567.
Package hyperref Info: Implicit mode ON; LaTeX internals redefined.
Package hyperref Info: Bookmarks ON on input line 4800.
\c@Hy@tempcnt=\count195
 (/usr/share/texlive/texmf-dist/tex/latex/url/url.sty
\Urlmuskip=\muskip17
Package: url 2013/09/16  ver 3.4  Verb mode for urls, etc.
)
LaTeX Info: Redefining \url on input line 5159.
\XeTeXLinkMargin=\dimen154
 (/usr/share/texlive/texmf-dist/tex/generic/bitset/bitset.sty
Package: bitset 2019/12/09 v1.3 Handle bit-vector datatype (HO)
 (/usr/share/texlive/texmf-dist/tex/generic/bigintcalc/bigintcalc.sty
Package: bigintcalc 2019/12/15 v1.5 Expandable calculations on big integers (HO)
))
\Fld@menulength=\count196
\Field@Width=\dimen155
\Fld@charsize=\dimen156
Package hyperref Info: Hyper figures OFF on input line 6430.
Package hyperref Info: Link nesting OFF on input line 6435.
Package hyperref Info: Hyper index ON on input line 6438.
Package hyperref Info: backreferencing OFF on input line 6445.
Package hyperref Info: Link coloring OFF on input line 6450.
Package hyperref Info: Link coloring with OCG OFF on input line 6455.
Package hyperref Info: PDF/A mode OFF on input line 6460.
LaTeX Info: Redefining \ref on input line 6500.
LaTeX Info: Redefining \pageref on input line 6504.
 (/usr/share/texlive/texmf-dist/tex/generic/atbegshi/atbegshi.sty
Package: atbegshi 2019/12/05 v1.19 At begin shipout hook (HO)
)
\Hy@abspage=\count197
\c@Item=\count198
\c@Hfootnote=\count199
)
Package hyperref Info: Driver (autodetected): hpdftex.
 (/usr/share/texlive/texmf-dist/tex/latex/hyperref/hpdftex.def
File: hpdftex.def 2020/01/14 v7.00d Hyperref driver for pdfTeX
 (/usr/share/texlive/texmf-dist/tex/latex/atveryend/atveryend.sty
Package: atveryend 2019-12-11 v1.11 Hooks at the very end of document (HO)
Package atveryend Info: \enddocument detected (standard20110627).
)
\Fld@listcount=\count266
\c@bookmark@seq@number=\count267
 (/usr/share/texlive/texmf-dist/tex/latex/rerunfilecheck/rerunfilecheck.sty
Package: rerunfilecheck 2019/12/05 v1.9 Rerun checks for auxiliary files (HO)
 (/usr/share/texlive/texmf-dist/tex/generic/uniquecounter/uniquecounter.sty
Package: uniquecounter 2019/12/15 v1.4 Provide unlimited unique counter (HO)
)
Package uniquecounter Info: New unique counter `rerunfilecheck' on input line 286.
)
\Hy@SectionHShift=\skip59
) (/usr/share/texlive/texmf-dist/tex/latex/tabstackengine/tabstackengine.sty
Package: tabstackengine 2018/03/05 (V2.10) tabbed stacking
 (/usr/share/texlive/texmf-dist/tex/latex/stackengine/stackengine.sty
Package: stackengine 2017/02/13 v4.01\ Stacking text and objects in convenient ways
 (/usr/share/texlive/texmf-dist/tex/latex/etoolbox/etoolbox.sty
Package: etoolbox 2019/09/21 v2.5h e-TeX tools for LaTeX (JAW)
\etb@tempcnta=\count268
) (/usr/share/texlive/texmf-dist/tex/generic/listofitems/listofitems.sty (/usr/share/texlive/texmf-dist/tex/generic/listofitems/listofitems.tex
\loi_cnt_foreach_nest=\count269
\loi_nestcnt=\count270
)
Package: listofitems 2019/08/21 v1.63 Grab items in lists using user-specified sep char (CT)
)
\c@@stackindex=\count271
\@boxshift=\skip60
\stack@tmplength=\skip61
\temp@stkl=\skip62
\@stackedboxwidth=\skip63
\@addedbox=\box47
\@anchorbox=\box48
\stackedbox=\box49
\@centerbox=\box50
\c@ROWcellindex@=\count272
)
\c@TABrowindex@=\count273
\c@TABcolindex@=\count274
\c@TABalignmentindex@=\count275
\TABcelltoks=\toks28
\TABcoltoks=\toks29
\LstrutTABtoks=\toks30
\RstrutTABtoks=\toks31
\TAB@toks=\toks32
\TABruleshift=\skip64
) (/usr/share/texlive/texmf-dist/tex/latex/tools/indentfirst.sty
Package: indentfirst 1995/11/23 v1.03 Indent first paragraph (DPC)
) (/usr/share/texlive/texmf-dist/tex/latex/tools/verbatim.sty
Package: verbatim 2019/11/10 v1.5r LaTeX2e package for verbatim enhancements
\every@verbatim=\toks33
\verbatim@line=\toks34
\verbatim@in@stream=\read2
) (/usr/share/texlive/texmf-dist/tex/latex/base/makeidx.sty
Package: makeidx 2014/09/29 v1.0m Standard LaTeX package
) (/usr/share/texlive/texmf-dist/tex/latex/graphics/graphicx.sty
Package: graphicx 2019/11/30 v1.2a Enhanced LaTeX Graphics (DPC,SPQR)
 (/usr/share/texlive/texmf-dist/tex/latex/graphics/graphics.sty
Package: graphics 2019/11/30 v1.4a Standard LaTeX Graphics (DPC,SPQR)
 (/usr/share/texlive/texmf-dist/tex/latex/graphics/trig.sty
Package: trig 2016/01/03 v1.10 sin cos tan (DPC)
) (/usr/share/texlive/texmf-dist/tex/latex/graphics-cfg/graphics.cfg
File: graphics.cfg 2016/06/04 v1.11 sample graphics configuration
)
Package graphics Info: Driver file: pdftex.def on input line 105.
 (/usr/share/texlive/texmf-dist/tex/latex/graphics-def/pdftex.def
File: pdftex.def 2018/01/08 v1.0l Graphics/color driver for pdftex
))
\Gin@req@height=\dimen157
\Gin@req@width=\dimen158
) (/usr/share/texlive/texmf-dist/tex/latex/graphics/color.sty
Package: color 2019/11/23 v1.2a Standard LaTeX Color (DPC)
 (/usr/share/texlive/texmf-dist/tex/latex/graphics-cfg/color.cfg
File: color.cfg 2016/01/02 v1.6 sample color configuration
)
Package color Info: Driver file: pdftex.def on input line 147.
) (/usr/share/texlive/texmf-dist/tex/latex/oberdiek/colonequals.sty
Package: colonequals 2016/05/16 v1.1 Colon equals symbols (HO)
) (/usr/share/texlive/texmf-dist/tex/latex/listings/listings.sty
\lst@mode=\count276
\lst@gtempboxa=\box51
\lst@token=\toks35
\lst@length=\count277
\lst@currlwidth=\dimen159
\lst@column=\count278
\lst@pos=\count279
\lst@lostspace=\dimen160
\lst@width=\dimen161
\lst@newlines=\count280
\lst@lineno=\count281
\lst@maxwidth=\dimen162
 (/usr/share/texlive/texmf-dist/tex/latex/listings/lstmisc.sty
File: lstmisc.sty 2019/09/10 1.8c (Carsten Heinz)
\c@lstnumber=\count282
\lst@skipnumbers=\count283
\lst@framebox=\box52
) (/usr/share/texlive/texmf-dist/tex/latex/listings/listings.cfg
File: listings.cfg 2019/09/10 1.8c listings configuration
))
Package: listings 2019/09/10 1.8c (Carsten Heinz)
 (/usr/share/texlive/texmf-dist/tex/latex/jknapltx/mathrsfs.sty
Package: mathrsfs 1996/01/01 Math RSFS package v1.0 (jk)
\symrsfs=\mathgroup6
) (/usr/share/texlive/texmf-dist/tex/latex/geometry/geometry.sty
Package: geometry 2020/01/02 v5.9 Page Geometry
 (/usr/share/texlive/texmf-dist/tex/generic/iftex/ifvtex.sty
Package: ifvtex 2019/10/25 v1.7 ifvtex legacy package. Use iftex instead.
)
\Gm@cnth=\count284
\Gm@cntv=\count285
\c@Gm@tempcnt=\count286
\Gm@bindingoffset=\dimen163
\Gm@wd@mp=\dimen164
\Gm@odd@mp=\dimen165
\Gm@even@mp=\dimen166
\Gm@layoutwidth=\dimen167
\Gm@layoutheight=\dimen168
\Gm@layouthoffset=\dimen169
\Gm@layoutvoffset=\dimen170
\Gm@dimlist=\toks36
) (/usr/share/texlive/texmf-dist/tex/latex/natbib/natbib.sty
Package: natbib 2010/09/13 8.31b (PWD, AO)
\bibhang=\skip65
\bibsep=\skip66
LaTeX Info: Redefining \cite on input line 694.
\c@NAT@ctr=\count287
) (/usr/share/texlive/texmf-dist/tex/latex/fancyhdr/fancyhdr.sty
Package: fancyhdr 2019/01/31 v3.10 Extensive control of page headers and footers
\f@nch@headwidth=\skip67
\f@nch@O@elh=\skip68
\f@nch@O@erh=\skip69
\f@nch@O@olh=\skip70
\f@nch@O@orh=\skip71
\f@nch@O@elf=\skip72
\f@nch@O@erf=\skip73
\f@nch@O@olf=\skip74
\f@nch@O@orf=\skip75
) (/usr/share/texlive/texmf-dist/tex/latex/pdfpages/pdfpages.sty
Package: pdfpages 2020/01/28 v0.5q Insert pages of external PDF documents (AM)
 (/usr/share/texlive/texmf-dist/tex/latex/base/ifthen.sty
Package: ifthen 2014/09/29 v1.1c Standard LaTeX ifthen package (DPC)
) (/usr/share/texlive/texmf-dist/tex/latex/eso-pic/eso-pic.sty
Package: eso-pic 2018/04/12 v2.0h eso-pic (RN)
)
\AM@pagewidth=\dimen171
\AM@pageheight=\dimen172
 (/usr/share/texlive/texmf-dist/tex/latex/pdfpages/pppdftex.def
File: pppdftex.def 2020/01/28 v0.5q Pdfpages driver for pdfTeX (AM)
)
\AM@pagebox=\box53
\AM@global@opts=\toks37
\AM@pagecnt=\count288
\AM@toc@title=\toks38
\c@AM@survey=\count289
\AM@templatesizebox=\box54
) (/usr/share/texlive/texmf-dist/tex/latex/mwe/mwe.sty
Package: mwe 2018/03/30 v0.5 Package to support minimal working examples (MWE)
 (/usr/share/texlive/texmf-dist/tex/latex/lipsum/lipsum.sty (/usr/share/texlive/texmf-dist/tex/latex/l3kernel/expl3.sty
Package: expl3 2020-02-14 L3 programming layer (loader) 
 (/usr/share/texlive/texmf-dist/tex/latex/l3backend/l3backend-pdfmode.def
File: l3backend-pdfmode.def 2020-02-03 L3 backend support: PDF mode
\l__kernel_color_stack_int=\count290
\l__pdf_internal_box=\box55
)) (/usr/share/texlive/texmf-dist/tex/latex/l3packages/xparse/xparse.sty
Package: xparse 2020-02-14 L3 Experimental document command parser
\l__xparse_current_arg_int=\count291
\g__xparse_grabber_int=\count292
\l__xparse_m_args_int=\count293
\l__xparse_v_nesting_int=\count294
)
Package: lipsum 2019/01/02 v2.2 150 paragraphs of Lorem Ipsum dummy text
 (/usr/share/texlive/texmf-dist/tex/latex/lipsum/lipsum.ltd.tex
File: lipsum.ltd.tex 2019/01/02 v2.2 The Lorem ipsum dummy text
)) (/usr/share/texlive/texmf-dist/tex/latex/blindtext/blindtext.sty
Package: blindtext 2012/01/06 V2.0 blindtext-Package
 (/usr/share/texlive/texmf-dist/tex/latex/tools/xspace.sty
Package: xspace 2014/10/28 v1.13 Space after command names (DPC,MH)
)
\c@blindtext=\count295
\c@Blindtext=\count296
\c@blind@countparstart=\count297
\blind@countxx=\count298
\blindtext@numBlindtext=\count299
\blind@countyy=\count300
\c@blindlist=\count301
\c@blindlistlevel=\count302
\c@blindlist@level=\count303
\blind@listitem=\count304
\c@blind@listcount=\count305
\c@blind@levelcount=\count306
\blind@mathformula=\count307
\blind@Mathformula=\count308
\c@blind@randomcount=\count309
\c@blind@randommax=\count310
\c@blind@pangramcount=\count311
\c@blind@pangrammax=\count312
)) (/usr/share/texlive/texmf-dist/tex/latex/wrapfig/wrapfig.sty
\wrapoverhang=\dimen173
\WF@size=\dimen174
\c@WF@wrappedlines=\count313
\WF@box=\box56
\WF@everypar=\toks39
Package: wrapfig 2003/01/31  v 3.6
) (/usr/share/texlive/texmf-dist/tex/latex/xcolor/xcolor.sty
Package: xcolor 2016/05/11 v2.12 LaTeX color extensions (UK)
 (/usr/share/texlive/texmf-dist/tex/latex/graphics-cfg/color.cfg
File: color.cfg 2016/01/02 v1.6 sample color configuration
)
Package xcolor Info: Driver file: pdftex.def on input line 225.
LaTeX Info: Redefining \color on input line 709.
Package xcolor Info: Model `cmy' substituted by `cmy0' on input line 1348.
Package xcolor Info: Model `hsb' substituted by `rgb' on input line 1352.
Package xcolor Info: Model `RGB' extended on input line 1364.
Package xcolor Info: Model `HTML' substituted by `rgb' on input line 1366.
Package xcolor Info: Model `Hsb' substituted by `hsb' on input line 1367.
Package xcolor Info: Model `tHsb' substituted by `hsb' on input line 1368.
Package xcolor Info: Model `HSB' substituted by `hsb' on input line 1369.
Package xcolor Info: Model `Gray' substituted by `gray' on input line 1370.
Package xcolor Info: Model `wave' substituted by `hsb' on input line 1371.
)
Package hyperref Info: Option `colorlinks' set `true' on input line 63.
   defining Unicode char U+2212 (decimal 8722)
\@indexfile=\write3
\openout3 = `main.idx'.


Writing index file main.idx
\c@theorem=\count314
(/home/ncuong/Programming/algorithms/Notes/MIT 6.001 Structure and Interpretation of Computer Programs/main.aux)
\openout1 = `main.aux'.

LaTeX Font Info:    Checking defaults for OML/cmm/m/it on input line 112.
LaTeX Font Info:    ... okay on input line 112.
LaTeX Font Info:    Checking defaults for OMS/cmsy/m/n on input line 112.
LaTeX Font Info:    ... okay on input line 112.
LaTeX Font Info:    Checking defaults for OT1/cmr/m/n on input line 112.
LaTeX Font Info:    ... okay on input line 112.
LaTeX Font Info:    Checking defaults for T1/cmr/m/n on input line 112.
LaTeX Font Info:    ... okay on input line 112.
LaTeX Font Info:    Checking defaults for TS1/cmr/m/n on input line 112.
LaTeX Font Info:    ... okay on input line 112.
LaTeX Font Info:    Checking defaults for OMX/cmex/m/n on input line 112.
LaTeX Font Info:    ... okay on input line 112.
LaTeX Font Info:    Checking defaults for U/cmr/m/n on input line 112.
LaTeX Font Info:    ... okay on input line 112.
LaTeX Font Info:    Checking defaults for PD1/pdf/m/n on input line 112.
LaTeX Font Info:    ... okay on input line 112.
\AtBeginShipoutBox=\box57
Package hyperref Info: Link coloring ON on input line 112.
 (/usr/share/texlive/texmf-dist/tex/latex/hyperref/nameref.sty
Package: nameref 2019/09/16 v2.46 Cross-referencing by name of section
 (/usr/share/texlive/texmf-dist/tex/latex/refcount/refcount.sty
Package: refcount 2019/12/15 v3.6 Data extraction from label references (HO)
) (/usr/share/texlive/texmf-dist/tex/generic/gettitlestring/gettitlestring.sty
Package: gettitlestring 2019/12/15 v1.6 Cleanup title references (HO)
)
\c@section@level=\count315
)
LaTeX Info: Redefining \ref on input line 112.
LaTeX Info: Redefining \pageref on input line 112.
LaTeX Info: Redefining \nameref on input line 112.
 (/home/ncuong/Programming/algorithms/Notes/MIT 6.001 Structure and Interpretation of Computer Programs/main.out) (/home/ncuong/Programming/algorithms/Notes/MIT 6.001 Structure and Interpretation of Computer Programs/main.out)
\@outlinefile=\write4
\openout4 = `main.out'.

 (/usr/share/texlive/texmf-dist/tex/context/base/mkii/supp-pdf.mkii
[Loading MPS to PDF converter (version 2006.09.02).]
\scratchcounter=\count316
\scratchdimen=\dimen175
\scratchbox=\box58
\nofMPsegments=\count317
\nofMParguments=\count318
\everyMPshowfont=\toks40
\MPscratchCnt=\count319
\MPscratchDim=\dimen176
\MPnumerator=\count320
\makeMPintoPDFobject=\count321
\everyMPtoPDFconversion=\toks41
) (/usr/share/texlive/texmf-dist/tex/latex/epstopdf-pkg/epstopdf-base.sty
Package: epstopdf-base 2020-01-24 v2.11 Base part for package epstopdf
Package epstopdf-base Info: Redefining graphics rule for `.eps' on input line 485.
 (/usr/share/texlive/texmf-dist/tex/latex/latexconfig/epstopdf-sys.cfg
File: epstopdf-sys.cfg 2010/07/13 v1.3 Configuration of (r)epstopdf for TeX Live
))
\c@lstlisting=\count322

*geometry* driver: auto-detecting
*geometry* detected driver: pdftex
*geometry* verbose mode - [ preamble ] result:
* driver: pdftex
* paper: a4paper
* layout: <same size as paper>
* layoutoffset:(h,v)=(0.0pt,0.0pt)
* modes: twoside 
* h-part:(L,W,R)=(79.49744pt, 438.513pt, 79.49744pt)
* v-part:(T,H,B)=(79.49744pt, 686.05197pt, 79.49744pt)
* \paperwidth=597.50787pt
* \paperheight=845.04684pt
* \textwidth=438.513pt
* \textheight=686.05197pt
* \oddsidemargin=7.22745pt
* \evensidemargin=7.22745pt
* \topmargin=-29.77255pt
* \headheight=12.0pt
* \headsep=25.0pt
* \topskip=10.0pt
* \footskip=30.0pt
* \marginparwidth=111.0pt
* \marginparsep=11.0pt
* \columnsep=10.0pt
* \skip\footins=9.0pt plus 4.0pt minus 2.0pt
* \hoffset=0.0pt
* \voffset=0.0pt
* \mag=1000
* \@twocolumnfalse
* \@twosidetrue
* \@mparswitchtrue
* \@reversemarginfalse
* (1in=72.27pt=25.4mm, 1cm=28.453pt)

(/usr/share/texlive/texmf-dist/tex/latex/pdflscape/pdflscape.sty
Package: pdflscape 2019/12/05 v0.12 Display of landscape pages in PDF (HO)
 (/usr/share/texlive/texmf-dist/tex/latex/graphics/lscape.sty
Package: lscape 2000/10/22 v3.01 Landscape Pages (DPC)
)
Package pdflscape Info: Auto-detected driver: pdftex on input line 81.
)
LaTeX Font Info:    Trying to load font information for U+msa on input line 117.
 (/usr/share/texlive/texmf-dist/tex/latex/amsfonts/umsa.fd
File: umsa.fd 2013/01/14 v3.01 AMS symbols A
)
LaTeX Font Info:    Trying to load font information for U+msb on input line 117.
 (/usr/share/texlive/texmf-dist/tex/latex/amsfonts/umsb.fd
File: umsb.fd 2013/01/14 v3.01 AMS symbols B
)
LaTeX Font Info:    Trying to load font information for U+rsfs on input line 117.
 (/usr/share/texlive/texmf-dist/tex/latex/jknapltx/ursfs.fd
File: ursfs.fd 1998/03/24 rsfs font definition file (jk)
) (/home/ncuong/Programming/algorithms/Notes/MIT 6.001 Structure and Interpretation of Computer Programs/main.toc [1

{/var/lib/texmf/fonts/map/pdftex/updmap/pdftex.map}] [2])
\tf@toc=\write5
\openout5 = `main.toc'.

 [3] [1] [2]
<assets/prefix_notation.jpg, id=463, 464.73625pt x 304.13625pt>
File: assets/prefix_notation.jpg Graphic file (type jpg)
<use assets/prefix_notation.jpg>
Package pdftex.def Info: assets/prefix_notation.jpg  used on input line 301.
(pdftex.def)             Requested size: 232.36755pt x 152.06775pt.
 [3 </home/ncuong/Programming/algorithms/Notes/MIT 6.001 Structure and Interpretation of Computer Programs/assets/prefix_notation.jpg>]
<assets/sqrt.png, id=471, 314.17375pt x 190.7125pt>
File: assets/sqrt.png Graphic file (type png)
<use assets/sqrt.png>
Package pdftex.def Info: assets/sqrt.png  used on input line 354.
(pdftex.def)             Requested size: 157.08649pt x 95.356pt.
<assets/sqrt_example.png, id=473, 635.37375pt x 254.9525pt>
File: assets/sqrt_example.png Graphic file (type png)
<use assets/sqrt_example.png>
Package pdftex.def Info: assets/sqrt_example.png  used on input line 359.
(pdftex.def)             Requested size: 317.6861pt x 127.47592pt.
 [4 </home/ncuong/Programming/algorithms/Notes/MIT 6.001 Structure and Interpretation of Computer Programs/assets/sqrt.png>] [5 </home/ncuong/Programming/algorithms/Notes/MIT 6.001 Structure and Interpretation of Computer Programs/assets/sqrt_example.png>] [6] [7]
<assets/gcd.png, id=510, 229.85875pt x 143.53625pt>
File: assets/gcd.png Graphic file (type png)
<use assets/gcd.png>
Package pdftex.def Info: assets/gcd.png  used on input line 525.
(pdftex.def)             Requested size: 91.94186pt x 57.41347pt.
 [8 </home/ncuong/Programming/algorithms/Notes/MIT 6.001 Structure and Interpretation of Computer Programs/assets/gcd.png>]
<assets/first-class-citizens.png, id=520, 1262.7175pt x 911.405pt>
File: assets/first-class-citizens.png Graphic file (type png)
<use assets/first-class-citizens.png>
Package pdftex.def Info: assets/first-class-citizens.png  used on input line 586.
(pdftex.def)             Requested size: 252.53903pt x 182.27777pt.
 [9 </home/ncuong/Programming/algorithms/Notes/MIT 6.001 Structure and Interpretation of Computer Programs/assets/first-class-citizens.png>] [10]
<assets/data_abstraction.png, id=535, 737.75626pt x 502.87875pt>
File: assets/data_abstraction.png Graphic file (type png)
<use assets/data_abstraction.png>
Package pdftex.def Info: assets/data_abstraction.png  used on input line 676.
(pdftex.def)             Requested size: 147.54863pt x 100.57396pt.
 [11 </home/ncuong/Programming/algorithms/Notes/MIT 6.001 Structure and Interpretation of Computer Programs/assets/data_abstraction.png>]
<assets/rational_number_constr.png, id=541, 554.07pt x 124.465pt>
File: assets/rational_number_constr.png Graphic file (type png)
<use assets/rational_number_constr.png>
Package pdftex.def Info: assets/rational_number_constr.png  used on input line 714.
(pdftex.def)             Requested size: 166.22227pt x 37.33978pt.
<assets/thin-air.png, id=542, 877.2775pt x 320.19624pt>
File: assets/thin-air.png Graphic file (type png)
<use assets/thin-air.png>
Package pdftex.def Info: assets/thin-air.png  used on input line 728.
(pdftex.def)             Requested size: 263.18527pt x 96.0596pt.
 [12 </home/ncuong/Programming/algorithms/Notes/MIT 6.001 Structure and Interpretation of Computer Programs/assets/rational_number_constr.png> </home/ncuong/Programming/algorithms/Notes/MIT 6.001 Structure and Interpretation of Computer Programs/assets/thin-air.png>]
<assets/box_pointer.png, id=551, 300.12125pt x 174.6525pt>
File: assets/box_pointer.png Graphic file (type png)
<use assets/box_pointer.png>
Package pdftex.def Info: assets/box_pointer.png  used on input line 770.
(pdftex.def)             Requested size: 150.06026pt x 87.32603pt.
<assets/cons_of_cons.png, id=552, 755.82375pt x 373.395pt>
File: assets/cons_of_cons.png Graphic file (type png)
<use assets/cons_of_cons.png>
Package pdftex.def Info: assets/cons_of_cons.png  used on input line 776.
(pdftex.def)             Requested size: 188.95547pt x 93.34851pt.
<assets/lisp_list.png, id=553, 641.39626pt x 185.69376pt>
File: assets/lisp_list.png Graphic file (type png)
<use assets/lisp_list.png>
Package pdftex.def Info: assets/lisp_list.png  used on input line 805.
(pdftex.def)             Requested size: 160.34866pt x 46.42332pt.
 [13 </home/ncuong/Programming/algorithms/Notes/MIT 6.001 Structure and Interpretation of Computer Programs/assets/box_pointer.png> </home/ncuong/Programming/algorithms/Notes/MIT 6.001 Structure and Interpretation of Computer Programs/assets/cons_of_cons.png> </home/ncuong/Programming/algorithms/Notes/MIT 6.001 Structure and Interpretation of Computer Programs/assets/lisp_list.png>]
<assets/pictures.png, id=565, 905.3825pt x 530.98375pt>
File: assets/pictures.png Graphic file (type png)
<use assets/pictures.png>
Package pdftex.def Info: assets/pictures.png  used on input line 833.
(pdftex.def)             Requested size: 452.69014pt x 265.49121pt.
<assets/painter_primitive.png, id=566, 731.73375pt x 593.21625pt>
File: assets/painter_primitive.png Graphic file (type png)
<use assets/painter_primitive.png>
Package pdftex.def Info: assets/painter_primitive.png  used on input line 842.
(pdftex.def)             Requested size: 365.86598pt x 296.60739pt.
 [14 </home/ncuong/Programming/algorithms/Notes/MIT 6.001 Structure and Interpretation of Computer Programs/assets/pictures.png>]
<assets/complex_picture.png, id=573, 749.80125pt x 306.14375pt>
File: assets/complex_picture.png Graphic file (type png)
<use assets/complex_picture.png>
Package pdftex.def Info: assets/complex_picture.png  used on input line 854.
(pdftex.def)             Requested size: 374.8997pt x 153.07149pt.
 [15 </home/ncuong/Programming/algorithms/Notes/MIT 6.001 Structure and Interpretation of Computer Programs/assets/painter_primitive.png> </home/ncuong/Programming/algorithms/Notes/MIT 6.001 Structure and Interpretation of Computer Programs/assets/complex_picture.png>]
<assets/frame.png, id=586, 705.63625pt x 457.71pt>
File: assets/frame.png Graphic file (type png)
<use assets/frame.png>
Package pdftex.def Info: assets/frame.png  used on input line 877.
(pdftex.def)             Requested size: 352.81726pt x 228.85445pt.
 [16 </home/ncuong/Programming/algorithms/Notes/MIT 6.001 Structure and Interpretation of Computer Programs/assets/frame.png>]
<assets/layered_design.png, id=605, 487.8225pt x 466.74374pt>
File: assets/layered_design.png Graphic file (type png)
<use assets/layered_design.png>
Package pdftex.def Info: assets/layered_design.png  used on input line 969.
(pdftex.def)             Requested size: 146.34787pt x 140.0242pt.
 [17]
<assets/layered_design_two.png, id=613, 888.31876pt x 663.47874pt>
File: assets/layered_design_two.png Graphic file (type png)
<use assets/layered_design_two.png>
Package pdftex.def Info: assets/layered_design_two.png  used on input line 973.
(pdftex.def)             Requested size: 266.49768pt x 199.04515pt.
<assets/osi_layers.png, id=614, 590.205pt x 671.50874pt>
File: assets/osi_layers.png Graphic file (type png)
<use assets/osi_layers.png>
Package pdftex.def Info: assets/osi_layers.png  used on input line 977.
(pdftex.def)             Requested size: 177.06287pt x 201.45418pt.
 [18 </home/ncuong/Programming/algorithms/Notes/MIT 6.001 Structure and Interpretation of Computer Programs/assets/layered_design.png> </home/ncuong/Programming/algorithms/Notes/MIT 6.001 Structure and Interpretation of Computer Programs/assets/layered_design_two.png> </home/ncuong/Programming/algorithms/Notes/MIT 6.001 Structure and Interpretation of Computer Programs/assets/osi_layers.png>]
<assets/example_layered.png, id=623, 606.265pt x 258.9675pt>
File: assets/example_layered.png Graphic file (type png)
<use assets/example_layered.png>
Package pdftex.def Info: assets/example_layered.png  used on input line 999.
(pdftex.def)             Requested size: 181.8809pt x 77.69084pt.
<assets/tree_class.png, id=624, 602.25pt x 744.7825pt>
File: assets/tree_class.png Graphic file (type png)
<use assets/tree_class.png>
Package pdftex.def Info: assets/tree_class.png  used on input line 1003.
(pdftex.def)             Requested size: 180.67639pt x 223.43648pt.
<assets/tree_layered_example.png, id=625, 533.995pt x 833.1125pt>
File: assets/tree_layered_example.png Graphic file (type png)
<use assets/tree_layered_example.png>
Package pdftex.def Info: assets/tree_layered_example.png  used on input line 1007.
(pdftex.def)             Requested size: 160.19974pt x 249.93568pt.
 [19 </home/ncuong/Programming/algorithms/Notes/MIT 6.001 Structure and Interpretation of Computer Programs/assets/example_layered.png> </home/ncuong/Programming/algorithms/Notes/MIT 6.001 Structure and Interpretation of Computer Programs/assets/tree_class.png>]
<assets/level_hierarchy.png, id=634, 608.2725pt x 396.48125pt>
File: assets/level_hierarchy.png Graphic file (type png)
<use assets/level_hierarchy.png>
Package pdftex.def Info: assets/level_hierarchy.png  used on input line 1012.
(pdftex.def)             Requested size: 182.48315pt x 118.94528pt.
<assets/strata_tree.png, id=635, 936.49875pt x 369.38pt>
File: assets/strata_tree.png Graphic file (type png)
<use assets/strata_tree.png>
Package pdftex.def Info: assets/strata_tree.png  used on input line 1016.
(pdftex.def)             Requested size: 280.95178pt x 110.81485pt.
 [20 </home/ncuong/Programming/algorithms/Notes/MIT 6.001 Structure and Interpretation of Computer Programs/assets/tree_layered_example.png> </home/ncuong/Programming/algorithms/Notes/MIT 6.001 Structure and Interpretation of Computer Programs/assets/level_hierarchy.png> </home/ncuong/Programming/algorithms/Notes/MIT 6.001 Structure and Interpretation of Computer Programs/assets/strata_tree.png>] [21]
<assets/derivative.png, id=657, 621.32124pt x 296.10625pt>
File: assets/derivative.png Graphic file (type png)
<use assets/derivative.png>
Package pdftex.def Info: assets/derivative.png  used on input line 1072.
(pdftex.def)             Requested size: 186.39781pt x 88.83255pt.
 [22 </home/ncuong/Programming/algorithms/Notes/MIT 6.001 Structure and Interpretation of Computer Programs/assets/derivative.png>] [23] [24] [25]
<assets/complex_numbers_abs.png, id=764, 929.4725pt x 494.84875pt>
File: assets/complex_numbers_abs.png Graphic file (type png)
<use assets/complex_numbers_abs.png>
Package pdftex.def Info: assets/complex_numbers_abs.png  used on input line 1297.
(pdftex.def)             Requested size: 464.73512pt x 247.42377pt.
<assets/arithmetic_ops.png, id=765, 1196.47pt x 888.31876pt>
File: assets/arithmetic_ops.png Graphic file (type png)
<use assets/arithmetic_ops.png>
Package pdftex.def Info: assets/arithmetic_ops.png  used on input line 1320.
(pdftex.def)             Requested size: 143.5702pt x 106.59364pt.
 [26 </home/ncuong/Programming/algorithms/Notes/MIT 6.001 Structure and Interpretation of Computer Programs/assets/complex_numbers_abs.png>] (/usr/share/texlive/texmf-dist/tex/latex/listings/lstlang1.sty
File: lstlang1.sty 2019/09/10 1.8c listings language file
) [27 </home/ncuong/Programming/algorithms/Notes/MIT 6.001 Structure and Interpretation of Computer Programs/assets/arithmetic_ops.png>]
<assets/complex_number_structure.png, id=827, 781.92125pt x 474.77374pt>
File: assets/complex_number_structure.png Graphic file (type png)
<use assets/complex_number_structure.png>
Package pdftex.def Info: assets/complex_number_structure.png  used on input line 1421.
(pdftex.def)             Requested size: 93.82649pt x 56.97038pt.
 [28 </home/ncuong/Programming/algorithms/Notes/MIT 6.001 Structure and Interpretation of Computer Programs/assets/complex_number_structure.png>]
<assets/arithmetic_package_system.png, id=856, 789.95125pt x 498.86375pt>
File: assets/arithmetic_package_system.png Graphic file (type png)
<use assets/arithmetic_package_system.png>
Package pdftex.def Info: assets/arithmetic_package_system.png  used on input line 1493.
(pdftex.def)             Requested size: 236.9872pt x 149.66028pt.
 [29]
<assets/repre_complex.png, id=883, 665.48625pt x 212.795pt>
File: assets/repre_complex.png Graphic file (type png)
<use assets/repre_complex.png>
Package pdftex.def Info: assets/repre_complex.png  used on input line 1504.
(pdftex.def)             Requested size: 199.64742pt x 63.83897pt.
 [30 </home/ncuong/Programming/algorithms/Notes/MIT 6.001 Structure and Interpretation of Computer Programs/assets/arithmetic_package_system.png> </home/ncuong/Programming/algorithms/Notes/MIT 6.001 Structure and Interpretation of Computer Programs/assets/repre_complex.png>]
LaTeX Font Info:    Trying to load font information for TS1+cmtt on input line 1556.
 (/usr/share/texlive/texmf-dist/tex/latex/base/ts1cmtt.fd
File: ts1cmtt.fd 2019/12/16 v2.5j Standard LaTeX font definitions
) [31]
<assets/environment_structure.png, id=927, 673.51625pt x 451.6875pt>
File: assets/environment_structure.png Graphic file (type png)
<use assets/environment_structure.png>
Package pdftex.def Info: assets/environment_structure.png  used on input line 1612.
(pdftex.def)             Requested size: 269.40172pt x 180.67178pt.

Underfull \hbox (badness 10000) in paragraph at lines 1636--1649

 []

[32 </home/ncuong/Programming/algorithms/Notes/MIT 6.001 Structure and Interpretation of Computer Programs/assets/environment_structure.png>] [33] [34] (/usr/share/texlive/texmf-dist/tex/latex/listings/lstlang1.sty
File: lstlang1.sty 2019/09/10 1.8c listings language file
) (/usr/share/texlive/texmf-dist/tex/latex/listings/lstlang2.sty
File: lstlang2.sty 2019/09/10 1.8c listings language file
) [35] [36]
Underfull \hbox (badness 10000) in paragraph at lines 1954--1957

 []

[37]
<assets/program_diagram.png, id=1111, 1152.305pt x 858.20625pt>
File: assets/program_diagram.png Graphic file (type png)
<use assets/program_diagram.png>
Package pdftex.def Info: assets/program_diagram.png  used on input line 1996.
(pdftex.def)             Requested size: 345.69417pt x 257.46387pt.
<assets/universal machine.png, id=1112, 1158.3275pt x 864.22874pt>
File: assets/universal machine.png Graphic file (type png)
<use assets/universal machine.png>
Package pdftex.def Info: assets/universal machine.png  used on input line 2002.
(pdftex.def)             Requested size: 347.50093pt x 259.27061pt.
 [38 </home/ncuong/Programming/algorithms/Notes/MIT 6.001 Structure and Interpretation of Computer Programs/assets/program_diagram.png>] [39 </home/ncuong/Programming/algorithms/Notes/MIT 6.001 Structure and Interpretation of Computer Programs/assets/universal machine.png>] [40] [41] [42]
<assets/query_means_combination.png, id=1253, 1496.59125pt x 943.525pt>
File: assets/query_means_combination.png Graphic file (type png)
<use assets/query_means_combination.png>
Package pdftex.def Info: assets/query_means_combination.png  used on input line 2296.
(pdftex.def)             Requested size: 448.98085pt x 283.05968pt.
 [43] [44 </home/ncuong/Programming/algorithms/Notes/MIT 6.001 Structure and Interpretation of Computer Programs/assets/query_means_combination.png>] [45]
<assets/controller.png, id=1331, 1927.2pt x 1084.05pt>
File: assets/controller.png Graphic file (type png)
<use assets/controller.png>
Package pdftex.def Info: assets/controller.png  used on input line 2441.
(pdftex.def)             Requested size: 385.43318pt x 216.80615pt.
 [46 </home/ncuong/Programming/algorithms/Notes/MIT 6.001 Structure and Interpretation of Computer Programs/assets/controller.png>]
<assets/iterative_machine.png, id=1369, 1927.2pt x 1084.05pt>
File: assets/iterative_machine.png Graphic file (type png)
<use assets/iterative_machine.png>
Package pdftex.def Info: assets/iterative_machine.png  used on input line 2501.
(pdftex.def)             Requested size: 385.43318pt x 216.80615pt.
 [47 </home/ncuong/Programming/algorithms/Notes/MIT 6.001 Structure and Interpretation of Computer Programs/assets/iterative_machine.png>] [48]
<assets/eval-apply-loop.png, id=1450, 1927.2pt x 1084.05pt>
File: assets/eval-apply-loop.png Graphic file (type png)
<use assets/eval-apply-loop.png>
Package pdftex.def Info: assets/eval-apply-loop.png  used on input line 2612.
(pdftex.def)             Requested size: 385.43318pt x 216.80615pt.
 [49 </home/ncuong/Programming/algorithms/Notes/MIT 6.001 Structure and Interpretation of Computer Programs/assets/eval-apply-loop.png>] [50]
Underfull \hbox (badness 10000) in paragraph at lines 2717--2722

 []

<assets/chip.png, id=1521, 1927.2pt x 1084.05pt>
File: assets/chip.png Graphic file (type png)
<use assets/chip.png>
Package pdftex.def Info: assets/chip.png  used on input line 2732.
(pdftex.def)             Requested size: 385.43318pt x 216.80615pt.
[51]
<assets/lisp_interpreter.png, id=1559, 1927.2pt x 1084.05pt>
File: assets/lisp_interpreter.png Graphic file (type png)
<use assets/lisp_interpreter.png>
Package pdftex.def Info: assets/lisp_interpreter.png  used on input line 2763.
(pdftex.def)             Requested size: 385.43318pt x 216.80615pt.
 [52 </home/ncuong/Programming/algorithms/Notes/MIT 6.001 Structure and Interpretation of Computer Programs/assets/chip.png>]
<assets/compilers.png, id=1584, 1927.2pt x 1084.05pt>
File: assets/compilers.png Graphic file (type png)
<use assets/compilers.png>
Package pdftex.def Info: assets/compilers.png  used on input line 2802.
(pdftex.def)             Requested size: 385.43318pt x 216.80615pt.
 [53 </home/ncuong/Programming/algorithms/Notes/MIT 6.001 Structure and Interpretation of Computer Programs/assets/lisp_interpreter.png>] [54 </home/ncuong/Programming/algorithms/Notes/MIT 6.001 Structure and Interpretation of Computer Programs/assets/compilers.png>]
<assets/append_seq_compiler.png, id=1636, 1366.10374pt x 863.225pt>
File: assets/append_seq_compiler.png Graphic file (type png)
<use assets/append_seq_compiler.png>
Package pdftex.def Info: assets/append_seq_compiler.png  used on input line 2893.
(pdftex.def)             Requested size: 273.21591pt x 172.64194pt.
 [55 </home/ncuong/Programming/algorithms/Notes/MIT 6.001 Structure and Interpretation of Computer Programs/assets/append_seq_compiler.png>]
<assets/memory_array.png, id=1660, 1160.335pt x 851.18pt>
File: assets/memory_array.png Graphic file (type png)
<use assets/memory_array.png>
Package pdftex.def Info: assets/memory_array.png  used on input line 2947.
(pdftex.def)             Requested size: 232.06288pt x 170.23297pt.
 [56] [57 </home/ncuong/Programming/algorithms/Notes/MIT 6.001 Structure and Interpretation of Computer Programs/assets/memory_array.png>] [58]
<assets/stop_copy_strategy.png, id=1752, 1270.7475pt x 651.43375pt>
File: assets/stop_copy_strategy.png Graphic file (type png)
<use assets/stop_copy_strategy.png>
Package pdftex.def Info: assets/stop_copy_strategy.png  used on input line 3087.
(pdftex.def)             Requested size: 381.22719pt x 195.43163pt.
<assets/stop_copy.png, id=1753, 1294.8375pt x 697.60625pt>
File: assets/stop_copy.png Graphic file (type png)
<use assets/stop_copy.png>
Package pdftex.def Info: assets/stop_copy.png  used on input line 3090.
(pdftex.def)             Requested size: 388.45424pt x 209.28348pt.
 [59 </home/ncuong/Programming/algorithms/Notes/MIT 6.001 Structure and Interpretation of Computer Programs/assets/stop_copy_strategy.png> </home/ncuong/Programming/algorithms/Notes/MIT 6.001 Structure and Interpretation of Computer Programs/assets/stop_copy.png>]
Package atveryend Info: Empty hook `BeforeClearDocument' on input line 3128.
 [60]
Package atveryend Info: Empty hook `AfterLastShipout' on input line 3128.
 (/home/ncuong/Programming/algorithms/Notes/MIT 6.001 Structure and Interpretation of Computer Programs/main.aux)
Package atveryend Info: Executing hook `AtVeryEndDocument' on input line 3128.
Package atveryend Info: Executing hook `AtEndAfterFileList' on input line 3128.
Package rerunfilecheck Info: File `main.out' has not changed.
(rerunfilecheck)             Checksum: 1A15E713AB3FEE39B00751BBCC057C3D;6442.
Package atveryend Info: Empty hook `AtVeryVeryEnd' on input line 3128.
 ) 
Here is how much of TeX's memory you used:
 14678 strings out of 481239
 221599 string characters out of 5920377
 1150852 words of memory out of 5000000
 28500 multiletter control sequences out of 15000+600000
 543631 words of font info for 70 fonts, out of 8000000 for 9000
 1141 hyphenation exceptions out of 8191
 43i,12n,45p,1129b,2034s stack positions out of 5000i,500n,10000p,200000b,80000s
{/usr/share/texmf/fonts/enc/dvips/cm-super/cm-super-ts1.enc}</usr/share/texlive/texmf-dist/fonts/type1/public/amsfonts/cm/cmbx10.pfb></usr/share/texlive/texmf-dist/fonts/type1/public/amsfonts/cm/cmbx12.pfb></usr/share/texlive/texmf-dist/fonts/type1/public/amsfonts/cm/cmbxti10.pfb></usr/share/texlive/texmf-dist/fonts/type1/public/amsfonts/cm/cmcsc10.pfb></usr/share/texlive/texmf-dist/fonts/type1/public/amsfonts/cm/cmex10.pfb></usr/share/texlive/texmf-dist/fonts/type1/public/amsfonts/cm/cmitt10.pfb></usr/share/texlive/texmf-dist/fonts/type1/public/amsfonts/cm/cmmi10.pfb></usr/share/texlive/texmf-dist/fonts/type1/public/amsfonts/cm/cmmi7.pfb></usr/share/texlive/texmf-dist/fonts/type1/public/amsfonts/cm/cmr10.pfb></usr/share/texlive/texmf-dist/fonts/type1/public/amsfonts/cm/cmr12.pfb></usr/share/texlive/texmf-dist/fonts/type1/public/amsfonts/cm/cmr17.pfb></usr/share/texlive/texmf-dist/fonts/type1/public/amsfonts/cm/cmr5.pfb></usr/share/texlive/texmf-dist/fonts/type1/public/amsfonts/cm/cmr7.pfb></usr/share/texlive/texmf-dist/fonts/type1/public/amsfonts/cm/cmsy10.pfb></usr/share/texlive/texmf-dist/fonts/type1/public/amsfonts/cm/cmti10.pfb></usr/share/texlive/texmf-dist/fonts/type1/public/amsfonts/cm/cmtt10.pfb></usr/share/texlive/texmf-dist/fonts/type1/public/amsfonts/cm/cmtt8.pfb></usr/share/texmf/fonts/type1/public/cm-super/sfrm1000.pfb></usr/share/texmf/fonts/type1/public/cm-super/sftt0800.pfb>
Output written on "/home/ncuong/Programming/algorithms/Notes/MIT 6.001 Structure and Interpretation of Computer Programs/main.pdf" (63 pages, 18420286 bytes).
PDF statistics:
 2086 PDF objects out of 2487 (max. 8388607)
 1898 compressed objects within 19 object streams
 1129 named destinations out of 1200 (max. 500000)
 872 words of extra memory for PDF output out of 10000 (max. 10000000)

